Executing action: flash
Running ninja in directory C:\Users\Xeron\Desktop\MandalTinyDLAlgorithm\SensorNanoMamba\embedded\babymamba_esp32_native\build
Executing "ninja flash"...
[1/5] C:\WINDOWS\system32\cmd.exe /C "cd /D C:\Users\Xeron\Desktop\MandalTinyDLAlgorithm\SensorNanoMamba\embedded\babymamba_esp32_native\build\esp-idf\esptool_py && C:\Users\Xeron\.espressif\python_env\idf5.4_py3.13_env\Scripts\python.exe C:/esp/v5.4.4/esp-idf/components/partition_table/check_sizes.py --offset 0x8000 partition --type app C:/Users/Xeron/Desktop/MandalTinyDLAlgorithm/SensorNanoMamba/embedded/babymamba_esp32_native/build/partition_table/partition-table.bin C:/Users/Xeron/Desktop/MandalTinyDLAlgorithm/SensorNanoMamba/embedded/babymamba_esp32_native/build/babymamba_esp32_native.bin"

babymamba_esp32_native.bin binary size 0x37240 bytes. Smallest app partition is 0x100000 bytes. 0xc8dc0 bytes (78%) free.


[2/5] Performing build step for 'bootloader'

[1/1] C:\WINDOWS\system32\cmd.exe /C "cd /D C:\Users\Xeron\Desktop\MandalTinyDLAlgorithm\SensorNanoMamba\embedded\babymamba_esp32_native\build\bootloader\esp-idf\esptool_py && C:\Users\Xeron\.espressif\python_env\idf5.4_py3.13_env\Scripts\python.exe C:/esp/v5.4.4/esp-idf/components/partition_table/check_sizes.py --offset 0x8000 bootloader 0x1000 C:/Users/Xeron/Desktop/MandalTinyDLAlgorithm/SensorNanoMamba/embedded/babymamba_esp32_native/build/bootloader/bootloader.bin"

Bootloader binary size 0x65b0 bytes. 0xa50 bytes (9%) free.



[3/5] No install step for 'bootloader'

[4/5] Completed 'bootloader'

[4/5] C:\WINDOWS\system32\cmd.exe /C "cd /D C:\esp\v5.4.4\esp-idf\components\esptool_py && C:\Users\Xeron\.espressif\tools\cmake\3.30.2\bin\cmake.exe -D IDF_PATH=C:/esp/v5.4.4/esp-idf -D SERIAL_TOOL=C:/Users/Xeron/.espressif/python_env/idf5.4_py3.13_env/Scripts/python.exe;;C:/esp/v5.4.4/esp-idf/components/esptool_py/esptool/esptool.py;--chip;esp32 -D SERIAL_TOOL_ARGS=--before=default_reset;--after=hard_reset;write_flash;@flash_args -D WORKING_DIRECTORY=C:/Users/Xeron/Desktop/MandalTinyDLAlgorithm/SensorNanoMamba/embedded/babymamba_esp32_native/build -P C:/esp/v5.4.4/esp-idf/components/esptool_py/run_serial_tool.cmake"

esptool.py --chip esp32 -p COM9 -b 460800 --before=default_reset --after=hard_reset write_flash --flash_mode dio --flash_freq 40m --flash_size 2MB 0x1000 bootloader/bootloader.bin 0x10000 babymamba_esp32_native.bin 0x8000 partition_table/partition-table.bin

esptool.py v4.11.0

Serial port COM9

Connecting.....

Chip is ESP32-D0WD-V3 (revision v3.1)

Features: WiFi, BT, Dual Core, 240MHz, VRef calibration in efuse, Coding Scheme None

Crystal is 40MHz

MAC: f8:b3:b7:42:b7:94

Uploading stub...

Running stub...

Stub running...

Changing baud rate to 460800

Changed.

Configuring flash size...

Flash will be erased from 0x00001000 to 0x00007fff...

Flash will be erased from 0x00010000 to 0x00047fff...

Flash will be erased from 0x00008000 to 0x00008fff...

SHA digest in image updated

Compressed 26032 bytes to 16424...

Writing at 0x00001000... (50 %)

Writing at 0x00007592... (100 %)

Wrote 26032 bytes (16424 compressed) at 0x00001000 in 0.8 seconds (effective 265.2 kbit/s)...

Hash of data verified.

Compressed 225856 bytes to 155841...

Writing at 0x00010000... (10 %)

Writing at 0x00018a0d... (20 %)

Writing at 0x0001cac0... (30 %)

Writing at 0x00020d62... (40 %)

Writing at 0x00025329... (50 %)

Writing at 0x0002cede... (60 %)

Writing at 0x000327c2... (70 %)

Writing at 0x00037e91... (80 %)

Writing at 0x0003e065... (90 %)

Writing at 0x0004433f... (100 %)

Wrote 225856 bytes (155841 compressed) at 0x00010000 in 3.8 seconds (effective 470.3 kbit/s)...

Hash of data verified.

Compressed 3072 bytes to 103...

Writing at 0x00008000... (100 %)

Wrote 3072 bytes (103 compressed) at 0x00008000 in 0.1 seconds (effective 463.0 kbit/s)...

Hash of data verified.



Leaving...

Hard resetting via RTS pin...

Done

Activating ESP-IDF 5.4
Setting IDF_PATH to 'C:\esp\v5.4.4\esp-idf'.
* Checking python version ... 3.13.13
* Checking python dependencies ... OK
* Deactivating the current ESP-IDF environment (if any) ... OK
* Establishing a new ESP-IDF environment ... OK
* Identifying shell ... cmd.exe
* Detecting outdated tools in system ... OK - no outdated tools found
