 and 1 are used as console UART I/O pins
I (198) cpu_start: Pro cpu start user code
I (198) cpu_start: cpu freq: 240000000 Hz
I (200) app_init: Application information:
I (204) app_init: Project name:     babymamba_esp32_native
I (209) app_init: App version:      1
I (212) app_init: Compile time:     May 10 2026 18:58:28
I (217) app_init: ELF file SHA256:  3541a08aa...
I (222) app_init: ESP-IDF:          v5.4.4
I (225) efuse_init: Min chip rev:     v0.0
I (229) efuse_init: Max chip rev:     v3.99
I (233) efuse_init: Chip rev:         v3.1
I (237) heap_init: Initializing. RAM available for dynamic allocation:
I (243) heap_init: At 3FFAE6E0 len 00001920 (6 KiB): DRAM
I (248) heap_init: At 3FFC5050 len 0001AFB0 (107 KiB): DRAM
I (254) heap_init: At 3FFE0440 len 00003AE0 (14 KiB): D/IRAM
I (259) heap_init: At 3FFE4350 len 0001BCB0 (111 KiB): D/IRAM
I (265) heap_init: At 4008BF44 len 000140BC (80 KiB): IRAM
I (271) spi_flash: detected chip: generic
I (273) spi_flash: flash io: dio
W (276) spi_flash: Detected size(4096k) larger than the size in the binary image header(2048k). Using the size in the binary image header.
I (289) main_task: Started on CPU0
I (291) main_task: Calling app_main()
I (295) main_task: Returned from app_main()
I (295) BABYMAMBA_ESP32: Chip model=1 cores=2 revision=301 flash_embedded=no psram=no
=== BABYMAMBA ESP32 START ===
variant=ci_babymamba
dataset=ucihar
display_name=UCI-HAR
seed=29
seq_len=128
in_channels=9
num_classes=6
scratch_bytes=71944
heap_total_before=243204
heap_free_before=201952
largest_block_before=110592
iter_01_latency_us=4222615
iter_02_latency_us=4221802
iter_03_latency_us=4221518
iter_04_latency_us=4221848
iter_05_latency_us=4221460
iter_06_latency_us=4221900
iter_07_latency_us=4221432
iter_08_latency_us=4221929
iter_09_latency_us=4221514
iter_10_latency_us=4221884
avg_latency_ms=4221.790527
parity_vs_pytorch_pct=98.977974
parity_vs_engine_pct=99.014244
max_abs_err_vs_pytorch=0.048074
predicted_class=4
predicted_label=Standing
expected_label=Standing
heap_total_after=243196
heap_free_after=185208
heap_used_after=57988
largest_block_after=110592
logit_00=-1.317307115
logit_01=-2.099384785
logit_02=-0.462014049
logit_03=1.394079804
logit_04=2.994262218
logit_05=-1.811892509
=== DONE ===