pu_start: Pro cpu start user code
I (193) cpu_start: cpu freq: 240000000 Hz
I (194) app_init: Application information:
I (198) app_init: Project name:     babymamba_esp32_native
I (203) app_init: App version:      1
I (207) app_init: Compile time:     May 10 2026 18:58:28
I (212) app_init: ELF file SHA256:  04fcef4d8...
I (216) app_init: ESP-IDF:          v5.4.4
I (220) efuse_init: Min chip rev:     v0.0
I (224) efuse_init: Max chip rev:     v3.99
I (228) efuse_init: Chip rev:         v3.1
I (232) heap_init: Initializing. RAM available for dynamic allocation:
I (238) heap_init: At 3FFAE6E0 len 00001920 (6 KiB): DRAM
I (243) heap_init: At 3FFBB730 len 000248D0 (146 KiB): DRAM
I (248) heap_init: At 3FFE0440 len 00003AE0 (14 KiB): D/IRAM
I (254) heap_init: At 3FFE4350 len 0001BCB0 (111 KiB): D/IRAM
I (259) heap_init: At 4008BF44 len 000140BC (80 KiB): IRAM
I (266) spi_flash: detected chip: generic
I (268) spi_flash: flash io: dio
W (271) spi_flash: Detected size(4096k) larger than the size in the binary image header(2048k). Using the size in the binary image header.
I (284) main_task: Started on CPU0
I (286) main_task: Calling app_main()
I (290) main_task: Returned from app_main()
I (290) BABYMAMBA_ESP32: Chip model=1 cores=2 revision=301 flash_embedded=no psram=no
=== BABYMAMBA ESP32 START ===
variant=crossover_bidir
dataset=unimib
display_name=UniMiB-SHAR
seed=10734
seq_len=128
in_channels=3
num_classes=9
scratch_bytes=33892
heap_total_before=282336
heap_free_before=241084
largest_block_before=110592
iter_01_latency_us=149140
iter_02_latency_us=152681
iter_03_latency_us=148545
iter_04_latency_us=152670
iter_05_latency_us=148557
iter_06_latency_us=152664
iter_07_latency_us=148556
iter_08_latency_us=152681
iter_09_latency_us=148551
iter_10_latency_us=152678
avg_latency_ms=150.672302
parity_vs_pytorch_pct=99.186699
parity_vs_engine_pct=99.186676
max_abs_err_vs_pytorch=0.088140
predicted_class=0
predicted_label=Activity_0
expected_label=Activity_0
heap_total_after=282336
heap_free_after=241084
heap_used_after=41252
largest_block_after=110592
logit_00=8.947985649
logit_01=8.345169067
logit_02=-0.692141533
logit_03=-4.770638466
logit_04=1.231721163
logit_05=-3.109563351
logit_06=-0.195840150
logit_07=0.821059406
logit_08=-1.820938468
=== DONE ===