 early entropy source...
I (202) cpu_start: Multicore app
I (211) cpu_start: GPIO 3 and 1 are used as console UART I/O pins
I (211) cpu_start: Pro cpu start user code
I (211) cpu_start: cpu freq: 240000000 Hz
I (213) app_init: Application information:
I (217) app_init: Project name:     babymamba_esp32_native
I (222) app_init: App version:      1
I (225) app_init: Compile time:     May 10 2026 18:58:28
I (230) app_init: ELF file SHA256:  659d2ee06...
I (234) app_init: ESP-IDF:          v5.4.4
I (238) efuse_init: Min chip rev:     v0.0
I (242) efuse_init: Max chip rev:     v3.99
I (246) efuse_init: Chip rev:         v3.1
I (250) heap_init: Initializing. RAM available for dynamic allocation:
I (256) heap_init: At 3FFAE6E0 len 00001920 (6 KiB): DRAM
I (261) heap_init: At 3FFC5050 len 0001AFB0 (107 KiB): DRAM
I (267) heap_init: At 3FFE0440 len 00003AE0 (14 KiB): D/IRAM
I (272) heap_init: At 3FFE4350 len 0001BCB0 (111 KiB): D/IRAM
I (277) heap_init: At 4008BF44 len 000140BC (80 KiB): IRAM
I (284) spi_flash: detected chip: generic
I (286) spi_flash: flash io: dio
W (289) spi_flash: Detected size(4096k) larger than the size in the binary image header(2048k). Using the size in the binary image header.
I (302) main_task: Started on CPU0
I (304) main_task: Calling app_main()
I (308) main_task: Returned from app_main()
I (308) BABYMAMBA_ESP32: Chip model=1 cores=2 revision=301 flash_embedded=no psram=no
=== BABYMAMBA ESP32 START ===
variant=ci_babymamba
dataset=opportunity
display_name=Opportunity
seed=29
seq_len=128
in_channels=79
num_classes=5
scratch_bytes=71944
heap_total_before=243204
heap_free_before=201952
largest_block_before=110592
iter_01_latency_us=8421713
iter_02_latency_us=8420660
iter_03_latency_us=8420654
iter_04_latency_us=8421287
iter_05_latency_us=8420513
iter_06_latency_us=8421247
iter_07_latency_us=8420513
iter_08_latency_us=8421247
iter_09_latency_us=8420513
iter_10_latency_us=8421247
avg_latency_ms=8420.959961
parity_vs_pytorch_pct=99.450012
parity_vs_engine_pct=99.464081
max_abs_err_vs_pytorch=0.019320
predicted_class=0
predicted_label=Null
expected_label=Null
heap_total_after=243196
heap_free_after=185208
heap_used_after=57988
largest_block_after=110592
logit_00=2.847040892
logit_01=-0.058735747
logit_02=-2.588090420
logit_03=-1.833372712
logit_04=0.612504840
=== DONE ===